<?xml version="1.0" encoding="UTF-8"?>
<!-- Generated by org.testng.reporters.JUnitXMLReporter -->
<testsuite hostname="DESKTOP-OB1OE1J" ignored="0" name="Smoke(failed)" tests="3" failures="0" timestamp="2022-05-29T18:00:03 IST" time="388.543" errors="0">
  <testcase name="Vaccination_ViewData" time="161.233" classname="com.nitara.HealthManagement.ViewVaccination"/>
  <testcase name="Deworming_AddData" time="84.404" classname="com.nitara.HealthManagement.AddDeworming"/>
  <testcase name="RegisterCattle_MilkingorDryCattle" time="93.568" classname="com.nitara.CattleManagement.RegisterMilkingorDryCattle"/>
</testsuite> <!-- Smoke(failed) -->
